android/app/build/intermediates/manifest_merge_blame_file/checkDebug/manifest-merger-blame-check-debug-report.txt
1<?xml version="1.0" encoding="utf-8"?>
2<manifest xmlns:android="http://schemas.android.com/apk/res/android"
3    package="com.holimobile.test"
4    android:versionCode="2"
5    android:versionName="1.2.0" >
6
7    <uses-sdk
8        android:minSdkVersion="23"
8-->src/main/AndroidManifest.xml
9        android:targetSdkVersion="34" />
9-->src/main/AndroidManifest.xml
10
11    <queries>
11-->src/main/AndroidManifest.xml:5:5-7:15
12        <package android:name="com.tencent.mm" />
12-->src/main/AndroidManifest.xml:6:9-50
12-->src/main/AndroidManifest.xml:6:18-47
13    </queries>
14
15    <uses-permission android:name="android.permission.INTERNET" />
15-->src/main/AndroidManifest.xml:8:5-67
15-->src/main/AndroidManifest.xml:8:22-64
16    <uses-permission android:name="android.permission.ACCESS_WIFI_STATE" />
16-->src/main/AndroidManifest.xml:9:5-76
16-->src/main/AndroidManifest.xml:9:22-73
17    <uses-permission android:name="android.permission.READ_PHONE_STATE" />
17-->src/main/AndroidManifest.xml:10:5-75
17-->src/main/AndroidManifest.xml:10:22-72
18    <uses-permission android:name="android.permission.ACCESS_NETWORK_STATE" />
18-->src/main/AndroidManifest.xml:11:5-79
18-->src/main/AndroidManifest.xml:11:22-76
19    <uses-permission android:name="android.permission.READ_EXTERNAL_STORAGE" />
19-->src/main/AndroidManifest.xml:12:5-80
19-->src/main/AndroidManifest.xml:12:22-77
20    <uses-permission android:name="android.permission.WRITE_EXTERNAL_STORAGE" />
20-->src/main/AndroidManifest.xml:13:5-81
20-->src/main/AndroidManifest.xml:13:22-78
21    <uses-permission android:name="android.permission.MOUNT_UNMOUNT_FILESYSTEMS" />
21-->src/main/AndroidManifest.xml:14:5-84
21-->src/main/AndroidManifest.xml:14:22-81
22    <uses-permission android:name="android.permission.VIBRATE" />
22-->src/main/AndroidManifest.xml:15:5-66
22-->src/main/AndroidManifest.xml:15:22-63
23    <uses-permission android:name="android.permission.RECORD_AUDIO" />
23-->src/main/AndroidManifest.xml:16:5-71
23-->src/main/AndroidManifest.xml:16:22-68
24    <uses-permission android:name="android.permission.CAMERA" />
24-->src/main/AndroidManifest.xml:17:5-65
24-->src/main/AndroidManifest.xml:17:22-62
25    <uses-permission android:name="android.permission.ACCESS_MOCK_LOCATION" />
25-->src/main/AndroidManifest.xml:18:5-79
25-->src/main/AndroidManifest.xml:18:22-76
26    <uses-permission android:name="android.permission.ACCESS_FINE_LOCATION" />
26-->src/main/AndroidManifest.xml:19:5-79
26-->src/main/AndroidManifest.xml:19:22-76
27    <uses-permission android:name="android.permission.GET_TASKS" />
27-->src/main/AndroidManifest.xml:20:5-68
27-->src/main/AndroidManifest.xml:20:22-65
28    <uses-permission android:name="android.permission.CHANGE_WIFI_STATE" />
28-->src/main/AndroidManifest.xml:21:5-76
28-->src/main/AndroidManifest.xml:21:22-73
29    <uses-permission android:name="android.permission.WAKE_LOCK" />
29-->src/main/AndroidManifest.xml:22:5-68
29-->src/main/AndroidManifest.xml:22:22-65
30    <uses-permission android:name="android.permission.MODIFY_AUDIO_SETTINGS" />
30-->src/main/AndroidManifest.xml:23:5-80
30-->src/main/AndroidManifest.xml:23:22-77
31    <uses-permission android:name="android.permission.RECEIVE_BOOT_COMPLETED" />
31-->src/main/AndroidManifest.xml:24:5-81
31-->src/main/AndroidManifest.xml:24:22-78
32    <uses-permission android:name="android.permission.REQUEST_INSTALL_PACKAGES" />
32-->src/main/AndroidManifest.xml:25:5-83
32-->src/main/AndroidManifest.xml:25:22-80
33    <uses-permission android:name="android.permission.USE_FINGERPRINT" />
33-->src/main/AndroidManifest.xml:26:5-74
33-->src/main/AndroidManifest.xml:26:22-71
34    <uses-permission android:name="android.permission.BROADCAST_PACKAGE_ADDED" />
34-->src/main/AndroidManifest.xml:27:5-82
34-->src/main/AndroidManifest.xml:27:22-79
35    <uses-permission android:name="android.permission.BROADCAST_PACKAGE_CHANGED" />
35-->src/main/AndroidManifest.xml:28:5-84
35-->src/main/AndroidManifest.xml:28:22-81
36    <uses-permission android:name="android.permission.BROADCAST_PACKAGE_INSTALL" />
36-->src/main/AndroidManifest.xml:29:5-84
36-->src/main/AndroidManifest.xml:29:22-81
37    <uses-permission android:name="android.permission.BROADCAST_PACKAGE_REPLACED" />
37-->src/main/AndroidManifest.xml:30:5-85
37-->src/main/AndroidManifest.xml:30:22-82
38    <uses-permission android:name="android.permission.RECEIVE_BOOT_COMPLETED" />
38-->src/main/AndroidManifest.xml:24:5-81
38-->src/main/AndroidManifest.xml:24:22-78
39    <uses-permission android:name="android.permission.SYSTEM_ALERT_WINDOW" />
39-->src/main/AndroidManifest.xml:32:5-78
39-->src/main/AndroidManifest.xml:32:22-75
40    <!-- 读取图片权限 -->
41    <uses-permission android:name="android.permission.READ_MEDIA_IMAGES" />
41-->src/main/AndroidManifest.xml:34:5-76
41-->src/main/AndroidManifest.xml:34:22-73
42
43    <uses-feature android:name="android.hardware.camera" />
43-->[com.shouzhong:Scanner:1.1.3] AndroidManifest.xml:14:5-60
43-->[com.shouzhong:Scanner:1.1.3] AndroidManifest.xml:14:19-57
44    <uses-feature android:name="android.hardware.camera.autofocus" /> <!-- 打开应用时，如果应用存在就把他移到前台 -->
44-->[com.shouzhong:Scanner:1.1.3] AndroidManifest.xml:15:5-70
44-->[com.shouzhong:Scanner:1.1.3] AndroidManifest.xml:15:19-67
45    <uses-permission android:name="android.permission.REORDER_TASKS" />
45-->[com.aliyun.ams:alicloud-android-agoo:4.6.3-emas] AndroidManifest.xml:20:5-72
45-->[com.aliyun.ams:alicloud-android-agoo:4.6.3-emas] AndroidManifest.xml:20:22-69
46
47    <permission
47-->[com.aliyun.ams:alicloud-android-agoo:4.6.3-emas] AndroidManifest.xml:22:5-26:47
48        android:name="com.holimobile.test.AGOO"
48-->[com.aliyun.ams:alicloud-android-agoo:4.6.3-emas] AndroidManifest.xml:23:9-45
49        android:description="@string/agoo_permission_description"
49-->[com.aliyun.ams:alicloud-android-agoo:4.6.3-emas] AndroidManifest.xml:24:9-66
50        android:label="@string/agoo_permission_label"
50-->[com.aliyun.ams:alicloud-android-agoo:4.6.3-emas] AndroidManifest.xml:25:9-54
51        android:protectionLevel="signature" />
51-->[com.aliyun.ams:alicloud-android-agoo:4.6.3-emas] AndroidManifest.xml:26:9-44
52
53    <uses-permission android:name="com.holimobile.test.AGOO" /> <!-- 低版本手机 心跳唤醒使用 -->
53-->[com.aliyun.ams:alicloud-android-agoo:4.6.3-emas] AndroidManifest.xml:28:5-61
53-->[com.aliyun.ams:alicloud-android-agoo:4.6.3-emas] AndroidManifest.xml:28:22-58
54    <!-- <uses-permission android:name="android.permission.WAKE_LOCK" /> -->
55    <permission
55-->[com.taobao.android:accs_sdk_taobao:4.6.3-emas] AndroidManifest.xml:20:5-24:47
56        android:name="com.holimobile.test.ACCS"
56-->[com.taobao.android:accs_sdk_taobao:4.6.3-emas] AndroidManifest.xml:21:9-45
57        android:description="@string/accs_permission_description"
57-->[com.taobao.android:accs_sdk_taobao:4.6.3-emas] AndroidManifest.xml:22:9-66
58        android:label="@string/accs_permission_label"
58-->[com.taobao.android:accs_sdk_taobao:4.6.3-emas] AndroidManifest.xml:23:9-54
59        android:protectionLevel="signature" />
59-->[com.taobao.android:accs_sdk_taobao:4.6.3-emas] AndroidManifest.xml:24:9-44
60
61    <uses-permission android:name="com.holimobile.test.ACCS" />
61-->[com.taobao.android:accs_sdk_taobao:4.6.3-emas] AndroidManifest.xml:26:5-61
61-->[com.taobao.android:accs_sdk_taobao:4.6.3-emas] AndroidManifest.xml:26:22-58
62
63    <application
63-->src/main/AndroidManifest.xml:37:5-130:19
64        android:name="com.holimobile.app.Application"
64-->src/main/AndroidManifest.xml:38:9-40
65        android:allowBackup="true"
65-->src/main/AndroidManifest.xml:39:9-35
66        android:appComponentFactory="androidx.core.app.CoreComponentFactory"
66-->[androidx.core:core:1.3.1] AndroidManifest.xml:24:18-86
67        android:debuggable="true"
68        android:extractNativeLibs="false"
69        android:icon="@mipmap/ic_launcher"
69-->src/main/AndroidManifest.xml:40:9-43
70        android:label="@string/app_name"
70-->src/main/AndroidManifest.xml:41:9-41
71        android:largeHeap="true"
71-->src/main/AndroidManifest.xml:42:9-33
72        android:supportsRtl="true"
72-->src/main/AndroidManifest.xml:43:9-35
73        android:theme="@style/AppTheme"
73-->src/main/AndroidManifest.xml:44:9-40
74        android:usesCleartextTraffic="true" >
74-->src/main/AndroidManifest.xml:45:9-44
75        <activity
75-->src/main/AndroidManifest.xml:48:9-65:20
76            android:name="com.holimobile.mvp.ui.activity.splash.SplashActivity"
76-->src/main/AndroidManifest.xml:49:13-66
77            android:configChanges="keyboardHidden|orientation|screenSize"
77-->src/main/AndroidManifest.xml:50:13-74
78            android:exported="true"
78-->src/main/AndroidManifest.xml:51:13-36
79            android:screenOrientation="portrait" >
79-->src/main/AndroidManifest.xml:52:13-49
80            <intent-filter>
80-->src/main/AndroidManifest.xml:53:13-56:29
81                <action android:name="android.intent.action.MAIN" />
81-->src/main/AndroidManifest.xml:54:17-69
81-->src/main/AndroidManifest.xml:54:25-66
82
83                <category android:name="android.intent.category.LAUNCHER" />
83-->src/main/AndroidManifest.xml:55:17-77
83-->src/main/AndroidManifest.xml:55:27-74
84            </intent-filter>
85            <intent-filter>
85-->src/main/AndroidManifest.xml:57:13-64:29
86                <action android:name="android.intent.action.VIEW" />
86-->src/main/AndroidManifest.xml:58:17-69
86-->src/main/AndroidManifest.xml:58:25-66
87
88                <category android:name="android.intent.category.DEFAULT" />
88-->src/main/AndroidManifest.xml:59:17-76
88-->src/main/AndroidManifest.xml:59:27-73
89                <category android:name="android.intent.category.BROWSABLE" />
89-->src/main/AndroidManifest.xml:60:17-78
89-->src/main/AndroidManifest.xml:60:27-75
90
91                <data
92                    android:host="test"
92-->src/main/AndroidManifest.xml:62:21-47
93                    android:scheme="holimobile" />
93-->src/main/AndroidManifest.xml:63:21-48
94            </intent-filter>
95        </activity>
96        <activity
96-->src/main/AndroidManifest.xml:66:9-71:58
97            android:name="com.holimobile.mvp.ui.activity.webview.WebViewActivity"
97-->src/main/AndroidManifest.xml:67:13-68
98            android:configChanges="keyboardHidden|orientation|screenSize"
98-->src/main/AndroidManifest.xml:68:13-74
99            android:hardwareAccelerated="true"
99-->src/main/AndroidManifest.xml:69:13-47
100            android:screenOrientation="portrait"
100-->src/main/AndroidManifest.xml:70:13-49
101            android:windowSoftInputMode="adjustResize" />
101-->src/main/AndroidManifest.xml:71:13-55
102        <activity
102-->src/main/AndroidManifest.xml:72:9-75:52
103            android:name="com.holimobile.mvp.ui.activity.common.ImageGalleryActivity"
103-->src/main/AndroidManifest.xml:73:13-72
104            android:configChanges="keyboardHidden|orientation|screenSize"
104-->src/main/AndroidManifest.xml:74:13-74
105            android:screenOrientation="portrait" />
105-->src/main/AndroidManifest.xml:75:13-49
106        <activity
106-->src/main/AndroidManifest.xml:76:9-79:15
107            android:name="com.holimobile.mvp.ui.activity.VerifyCodeActivity"
107-->src/main/AndroidManifest.xml:76:19-69
108            android:configChanges="keyboardHidden|orientation|screenSize"
108-->src/main/AndroidManifest.xml:77:13-74
109            android:screenOrientation="portrait" />
109-->src/main/AndroidManifest.xml:78:13-49
110        <activity
110-->src/main/AndroidManifest.xml:80:9-83:15
111            android:name="com.holimobile.mvp.ui.activity.scan.ScanActivity"
111-->src/main/AndroidManifest.xml:80:19-68
112            android:configChanges="keyboardHidden|orientation|screenSize"
112-->src/main/AndroidManifest.xml:81:13-74
113            android:screenOrientation="portrait" />
113-->src/main/AndroidManifest.xml:82:13-49
114        <activity
114-->src/main/AndroidManifest.xml:84:9-87:15
115            android:name="com.holimobile.mvp.ui.activity.SettingActivity"
115-->src/main/AndroidManifest.xml:84:19-66
116            android:configChanges="keyboardHidden|orientation|screenSize"
116-->src/main/AndroidManifest.xml:85:13-74
117            android:screenOrientation="portrait" />
117-->src/main/AndroidManifest.xml:86:13-49
118        <activity
118-->src/main/AndroidManifest.xml:88:9-91:15
119            android:name="com.holimobile.mvp.ui.activity.MainActivity"
119-->src/main/AndroidManifest.xml:88:19-63
120            android:configChanges="keyboardHidden|orientation|screenSize"
120-->src/main/AndroidManifest.xml:89:13-74
121            android:screenOrientation="portrait" />
121-->src/main/AndroidManifest.xml:90:13-49
122        <activity
122-->src/main/AndroidManifest.xml:92:9-96:15
123            android:name="com.holimobile.mvp.ui.activity.LoginActivity"
123-->src/main/AndroidManifest.xml:92:19-64
124            android:configChanges="keyboardHidden|orientation|screenSize"
124-->src/main/AndroidManifest.xml:93:13-74
125            android:launchMode="singleTask"
125-->src/main/AndroidManifest.xml:95:13-44
126            android:screenOrientation="portrait" />
126-->src/main/AndroidManifest.xml:94:13-49
127        <activity
127-->src/main/AndroidManifest.xml:97:9-102:15
128            android:name="com.holimobile.wxapi.WXEntryActivity"
128-->src/main/AndroidManifest.xml:97:19-70
129            android:configChanges="keyboardHidden|orientation|screenSize"
129-->src/main/AndroidManifest.xml:99:13-74
130            android:launchMode="singleTask"
130-->src/main/AndroidManifest.xml:101:13-44
131            android:screenOrientation="portrait"
131-->src/main/AndroidManifest.xml:98:13-49
132            android:taskAffinity="com.holimobile" />
132-->src/main/AndroidManifest.xml:100:13-50
133
134        <meta-data
134-->src/main/AndroidManifest.xml:103:9-105:35
135            android:name="android.max_aspect"
135-->src/main/AndroidManifest.xml:104:13-46
136            android:value="2.2" />
136-->src/main/AndroidManifest.xml:105:13-32
137
138        <provider
139            android:name="androidx.core.content.FileProvider"
139-->src/main/AndroidManifest.xml:107:13-62
140            android:authorities="com.holimobile.test.fileprovider"
140-->src/main/AndroidManifest.xml:108:13-64
141            android:exported="false"
141-->src/main/AndroidManifest.xml:109:13-37
142            android:grantUriPermissions="true" >
142-->src/main/AndroidManifest.xml:110:13-47
143            <meta-data
143-->src/main/AndroidManifest.xml:112:13-115:52
144                android:name="android.support.FILE_PROVIDER_PATHS"
144-->src/main/AndroidManifest.xml:113:17-67
145                android:resource="@xml/filepaths" />
145-->src/main/AndroidManifest.xml:114:17-50
146        </provider>
147
148        <receiver
148-->src/main/AndroidManifest.xml:117:9-129:20
149            android:name="com.holimobile.receiver.MyMessageReceiver"
149-->src/main/AndroidManifest.xml:118:13-55
150            android:exported="false" > <!-- 为保证receiver安全，建议设置不可导出，如需对其他应用开放可通过android：permission进行限制 -->
150-->src/main/AndroidManifest.xml:119:13-37
151            <intent-filter>
151-->src/main/AndroidManifest.xml:120:13-122:29
152                <action android:name="com.alibaba.push2.action.NOTIFICATION_OPENED" />
152-->src/main/AndroidManifest.xml:121:17-87
152-->src/main/AndroidManifest.xml:121:25-84
153            </intent-filter>
154            <intent-filter>
154-->src/main/AndroidManifest.xml:123:13-125:29
155                <action android:name="com.alibaba.push2.action.NOTIFICATION_REMOVED" />
155-->src/main/AndroidManifest.xml:124:17-88
155-->src/main/AndroidManifest.xml:124:25-85
156            </intent-filter>
157            <intent-filter>
157-->src/main/AndroidManifest.xml:126:13-128:29
158                <action android:name="com.alibaba.sdk.android.push.RECEIVE" />
158-->src/main/AndroidManifest.xml:127:17-79
158-->src/main/AndroidManifest.xml:127:25-76
159            </intent-filter>
160        </receiver>
161
162        <service
162-->[com.aliyun.ams:alicloud-android-hotfix:3.3.8] AndroidManifest.xml:16:9-24:19
163            android:name="com.taobao.sophix.aidl.DownloadService"
163-->[com.aliyun.ams:alicloud-android-hotfix:3.3.8] AndroidManifest.xml:17:13-66
164            android:exported="true" >
164-->[com.aliyun.ams:alicloud-android-hotfix:3.3.8] AndroidManifest.xml:18:13-36
165            <intent-filter>
165-->[com.aliyun.ams:alicloud-android-hotfix:3.3.8] AndroidManifest.xml:19:13-23:29
166                <action android:name="com.taobao.hotfix.action" />
166-->[com.aliyun.ams:alicloud-android-hotfix:3.3.8] AndroidManifest.xml:20:17-67
166-->[com.aliyun.ams:alicloud-android-hotfix:3.3.8] AndroidManifest.xml:20:25-64
167
168                <category android:name="android.intent.category.DEFAULT" />
168-->src/main/AndroidManifest.xml:59:17-76
168-->src/main/AndroidManifest.xml:59:27-73
169            </intent-filter>
170        </service>
171
172        <activity
172-->[com.aliyun.ams:alicloud-android-feedback:3.3.9] AndroidManifest.xml:21:9-27:58
173            android:name="com.alibaba.sdk.android.feedback.windvane.CustomHybirdActivity"
173-->[com.aliyun.ams:alicloud-android-feedback:3.3.9] AndroidManifest.xml:22:13-90
174            android:configChanges="keyboardHidden|orientation"
174-->[com.aliyun.ams:alicloud-android-feedback:3.3.9] AndroidManifest.xml:23:13-63
175            android:launchMode="singleTop"
175-->[com.aliyun.ams:alicloud-android-feedback:3.3.9] AndroidManifest.xml:24:13-43
176            android:screenOrientation="portrait"
176-->[com.aliyun.ams:alicloud-android-feedback:3.3.9] AndroidManifest.xml:25:13-49
177            android:theme="@style/ali_feedback_contentoverlay"
177-->[com.aliyun.ams:alicloud-android-feedback:3.3.9] AndroidManifest.xml:26:13-63
178            android:windowSoftInputMode="adjustResize" />
178-->[com.aliyun.ams:alicloud-android-feedback:3.3.9] AndroidManifest.xml:27:13-55
179        <activity
179-->[com.aliyun.ams:alicloud-android-feedback:3.3.9] AndroidManifest.xml:28:9-33:66
180            android:name="com.alibaba.sdk.android.feedback.impl.ErrorPageActivity"
180-->[com.aliyun.ams:alicloud-android-feedback:3.3.9] AndroidManifest.xml:29:13-83
181            android:configChanges="keyboardHidden|orientation"
181-->[com.aliyun.ams:alicloud-android-feedback:3.3.9] AndroidManifest.xml:30:13-63
182            android:launchMode="singleTop"
182-->[com.aliyun.ams:alicloud-android-feedback:3.3.9] AndroidManifest.xml:31:13-43
183            android:screenOrientation="portrait"
183-->[com.aliyun.ams:alicloud-android-feedback:3.3.9] AndroidManifest.xml:32:13-49
184            android:theme="@style/ali_feedback_contentoverlay" />
184-->[com.aliyun.ams:alicloud-android-feedback:3.3.9] AndroidManifest.xml:33:13-63
185
186        <provider
186-->[com.aliyun.ams:alicloud-android-feedback:3.3.9] AndroidManifest.xml:35:9-43:20
187            android:name="com.alibaba.sdk.android.feedback.util.FBFileProvider"
187-->[com.aliyun.ams:alicloud-android-feedback:3.3.9] AndroidManifest.xml:36:13-80
188            android:authorities="com.holimobile.test.alifb_fileprovider"
188-->[com.aliyun.ams:alicloud-android-feedback:3.3.9] AndroidManifest.xml:37:13-70
189            android:exported="false"
189-->[com.aliyun.ams:alicloud-android-feedback:3.3.9] AndroidManifest.xml:38:13-37
190            android:grantUriPermissions="true" >
190-->[com.aliyun.ams:alicloud-android-feedback:3.3.9] AndroidManifest.xml:39:13-47
191            <meta-data
191-->src/main/AndroidManifest.xml:112:13-115:52
192                android:name="android.support.FILE_PROVIDER_PATHS"
192-->src/main/AndroidManifest.xml:113:17-67
193                android:resource="@xml/alifb_provider_paths" />
193-->src/main/AndroidManifest.xml:114:17-50
194        </provider> <!-- Push SDK -->
195        <service
195-->[com.aliyun.ams:alicloud-android-push:3.7.7] AndroidManifest.xml:18:9-22:42
196            android:name="com.alibaba.sdk.android.push.channel.KeepChannelService"
196-->[com.aliyun.ams:alicloud-android-push:3.7.7] AndroidManifest.xml:19:13-83
197            android:exported="false"
197-->[com.aliyun.ams:alicloud-android-push:3.7.7] AndroidManifest.xml:20:13-37
198            android:permission="android.permission.BIND_JOB_SERVICE"
198-->[com.aliyun.ams:alicloud-android-push:3.7.7] AndroidManifest.xml:21:13-69
199            android:process=":channel" />
199-->[com.aliyun.ams:alicloud-android-push:3.7.7] AndroidManifest.xml:22:13-39
200
201        <activity android:name="com.mobilemd.cameralibrary.CameraActivity" />
201-->[:camera] AndroidManifest.xml:15:9-78
201-->[:camera] AndroidManifest.xml:15:19-75
202        <activity
202-->[:camera] AndroidManifest.xml:16:9-18:77
203            android:name="com.mobilemd.cameralibrary.VideoActivity"
203-->[:camera] AndroidManifest.xml:17:13-68
204            android:configChanges="orientation|screenSize|keyboardHidden" />
204-->[:camera] AndroidManifest.xml:18:13-74
205        <activity
205-->[:camera] AndroidManifest.xml:19:9-21:52
206            android:name="com.mobilemd.cameralibrary.SoundActivity"
206-->[:camera] AndroidManifest.xml:20:13-68
207            android:screenOrientation="portrait" /> <!-- <provider -->
207-->[:camera] AndroidManifest.xml:21:13-49
208        <!-- android:name="com.luck.picture.lib.PictureFileProvider" -->
209        <!-- android:authorities="${applicationId}.provider" -->
210        <!-- android:exported="false" -->
211        <!-- android:grantUriPermissions="true"> -->
212        <!-- <meta-data -->
213        <!-- android:name="android.support.FILE_PROVIDER_PATHS" -->
214        <!-- android:resource="@xml/file_paths" /> -->
215        <!-- </provider> -->
216        <activity
216-->[:picture_library] AndroidManifest.xml:25:9-28:52
217            android:name="com.luck.picture.lib.PictureSelectorActivity"
217-->[:picture_library] AndroidManifest.xml:26:13-72
218            android:configChanges="orientation|keyboardHidden|screenSize"
218-->[:picture_library] AndroidManifest.xml:27:13-74
219            android:screenOrientation="portrait" />
219-->[:picture_library] AndroidManifest.xml:28:13-49
220        <activity
220-->[:picture_library] AndroidManifest.xml:29:9-32:52
221            android:name="com.luck.picture.lib.PictureSelectorPreviewWeChatStyleActivity"
221-->[:picture_library] AndroidManifest.xml:30:13-90
222            android:configChanges="orientation|keyboardHidden|screenSize"
222-->[:picture_library] AndroidManifest.xml:31:13-74
223            android:screenOrientation="portrait" />
223-->[:picture_library] AndroidManifest.xml:32:13-49
224        <activity
224-->[:picture_library] AndroidManifest.xml:33:9-36:52
225            android:name="com.luck.picture.lib.PictureVideoPlayActivity"
225-->[:picture_library] AndroidManifest.xml:34:13-73
226            android:configChanges="orientation|keyboardHidden|screenSize"
226-->[:picture_library] AndroidManifest.xml:35:13-74
227            android:screenOrientation="portrait" />
227-->[:picture_library] AndroidManifest.xml:36:13-49
228        <activity
228-->[:picture_library] AndroidManifest.xml:37:9-40:52
229            android:name="com.luck.picture.lib.PicturePreviewActivity"
229-->[:picture_library] AndroidManifest.xml:38:13-71
230            android:configChanges="orientation|keyboardHidden|screenSize"
230-->[:picture_library] AndroidManifest.xml:39:13-74
231            android:screenOrientation="portrait" />
231-->[:picture_library] AndroidManifest.xml:40:13-49
232        <activity
232-->[:picture_library] AndroidManifest.xml:41:9-44:61
233            android:name="com.yalantis2.ucrop.UCropActivity"
233-->[:picture_library] AndroidManifest.xml:42:13-61
234            android:screenOrientation="portrait"
234-->[:picture_library] AndroidManifest.xml:43:13-49
235            android:theme="@style/Base.Theme.NoActionBar" />
235-->[:picture_library] AndroidManifest.xml:44:13-58
236        <activity
236-->[:picture_library] AndroidManifest.xml:45:9-48:61
237            android:name="com.yalantis2.ucrop.PictureMultiCuttingActivity"
237-->[:picture_library] AndroidManifest.xml:46:13-75
238            android:screenOrientation="portrait"
238-->[:picture_library] AndroidManifest.xml:47:13-49
239            android:theme="@style/Base.Theme.NoActionBar" />
239-->[:picture_library] AndroidManifest.xml:48:13-58
240        <activity
240-->[:zxingqr] AndroidManifest.xml:12:9-17:63
241            android:name="com.example.zxingqr.activity.CaptureActivity"
241-->[:zxingqr] AndroidManifest.xml:13:13-72
242            android:configChanges="orientation|keyboardHidden"
242-->[:zxingqr] AndroidManifest.xml:14:13-63
243            android:screenOrientation="portrait"
243-->[:zxingqr] AndroidManifest.xml:15:13-49
244            android:theme="@style/Theme.AppCompat.NoActionBar"
244-->[:zxingqr] AndroidManifest.xml:16:13-63
245            android:windowSoftInputMode="stateAlwaysHidden" />
245-->[:zxingqr] AndroidManifest.xml:17:13-60
246
247        <service
247-->[com.aliyun.ams:alicloud-android-agoo:4.6.3-emas] AndroidManifest.xml:31:9-37:19
248            android:name="org.android.agoo.accs.AgooService"
248-->[com.aliyun.ams:alicloud-android-agoo:4.6.3-emas] AndroidManifest.xml:32:13-61
249            android:exported="false" >
249-->[com.aliyun.ams:alicloud-android-agoo:4.6.3-emas] AndroidManifest.xml:33:13-37
250            <intent-filter>
250-->[com.aliyun.ams:alicloud-android-agoo:4.6.3-emas] AndroidManifest.xml:34:13-36:29
251                <action android:name="com.taobao.accs.intent.action.RECEIVE" />
251-->[com.aliyun.ams:alicloud-android-agoo:4.6.3-emas] AndroidManifest.xml:35:17-80
251-->[com.aliyun.ams:alicloud-android-agoo:4.6.3-emas] AndroidManifest.xml:35:25-77
252            </intent-filter>
253        </service> <!-- push begin -->
254        <service
254-->[com.aliyun.ams:alicloud-android-agoo:4.6.3-emas] AndroidManifest.xml:40:9-46:19
255            android:name="com.aliyun.ams.emas.push.AgooInnerService"
255-->[com.aliyun.ams:alicloud-android-agoo:4.6.3-emas] AndroidManifest.xml:41:13-69
256            android:exported="false" >
256-->[com.aliyun.ams:alicloud-android-agoo:4.6.3-emas] AndroidManifest.xml:42:13-37
257            <intent-filter>
257-->[com.aliyun.ams:alicloud-android-agoo:4.6.3-emas] AndroidManifest.xml:43:13-45:29
258                <action android:name="org.agoo.android.intent.action.RECEIVE" />
258-->[com.aliyun.ams:alicloud-android-agoo:4.6.3-emas] AndroidManifest.xml:44:17-81
258-->[com.aliyun.ams:alicloud-android-agoo:4.6.3-emas] AndroidManifest.xml:44:25-78
259            </intent-filter>
260        </service> <!-- 消息接收服务 -->
261        <service
261-->[com.aliyun.ams:alicloud-android-agoo:4.6.3-emas] AndroidManifest.xml:48:9-54:19
262            android:name="com.aliyun.ams.emas.push.MsgService"
262-->[com.aliyun.ams:alicloud-android-agoo:4.6.3-emas] AndroidManifest.xml:49:13-63
263            android:exported="false" >
263-->[com.aliyun.ams:alicloud-android-agoo:4.6.3-emas] AndroidManifest.xml:50:13-37
264            <intent-filter>
264-->[com.aliyun.ams:alicloud-android-agoo:4.6.3-emas] AndroidManifest.xml:51:13-53:29
265                <action android:name="com.alibaba.sdk.android.push.NOTIFY_ACTION" />
265-->[com.aliyun.ams:alicloud-android-agoo:4.6.3-emas] AndroidManifest.xml:52:17-85
265-->[com.aliyun.ams:alicloud-android-agoo:4.6.3-emas] AndroidManifest.xml:52:25-82
266            </intent-filter>
267        </service>
268
269        <activity
269-->[com.aliyun.ams:alicloud-android-agoo:4.6.3-emas] AndroidManifest.xml:56:9-65:20
270            android:name="com.aliyun.ams.emas.push.NotificationActivity"
270-->[com.aliyun.ams:alicloud-android-agoo:4.6.3-emas] AndroidManifest.xml:57:13-73
271            android:exported="false"
271-->[com.aliyun.ams:alicloud-android-agoo:4.6.3-emas] AndroidManifest.xml:58:13-37
272            android:launchMode="singleInstance"
272-->[com.aliyun.ams:alicloud-android-agoo:4.6.3-emas] AndroidManifest.xml:59:13-48
273            android:noHistory="true"
273-->[com.aliyun.ams:alicloud-android-agoo:4.6.3-emas] AndroidManifest.xml:60:13-37
274            android:theme="@android:style/Theme.Translucent.NoTitleBar" >
274-->[com.aliyun.ams:alicloud-android-agoo:4.6.3-emas] AndroidManifest.xml:61:13-72
275            <intent-filter>
275-->[com.aliyun.ams:alicloud-android-agoo:4.6.3-emas] AndroidManifest.xml:51:13-53:29
276                <action android:name="com.alibaba.sdk.android.push.NOTIFY_ACTION" />
276-->[com.aliyun.ams:alicloud-android-agoo:4.6.3-emas] AndroidManifest.xml:52:17-85
276-->[com.aliyun.ams:alicloud-android-agoo:4.6.3-emas] AndroidManifest.xml:52:25-82
277            </intent-filter>
278        </activity>
279
280        <service
280-->[com.taobao.android:accs_sdk_taobao:4.6.3-emas] AndroidManifest.xml:29:9-37:19
281            android:name="com.taobao.accs.ChannelService"
281-->[com.taobao.android:accs_sdk_taobao:4.6.3-emas] AndroidManifest.xml:30:13-58
282            android:enabled="false"
282-->[com.taobao.android:accs_sdk_taobao:4.6.3-emas] AndroidManifest.xml:31:13-36
283            android:exported="false"
283-->[com.taobao.android:accs_sdk_taobao:4.6.3-emas] AndroidManifest.xml:32:13-37
284            android:process=":channel" >
284-->[com.taobao.android:accs_sdk_taobao:4.6.3-emas] AndroidManifest.xml:33:13-39
285            <intent-filter>
285-->[com.taobao.android:accs_sdk_taobao:4.6.3-emas] AndroidManifest.xml:34:13-36:29
286                <action android:name="com.taobao.accs.intent.action.SERVICE" />
286-->[com.taobao.android:accs_sdk_taobao:4.6.3-emas] AndroidManifest.xml:35:17-80
286-->[com.taobao.android:accs_sdk_taobao:4.6.3-emas] AndroidManifest.xml:35:25-77
287            </intent-filter>
288        </service>
289        <service
289-->[com.taobao.android:accs_sdk_taobao:4.6.3-emas] AndroidManifest.xml:38:9-42:42